<?xml version="1.0" encoding="UTF-8"?>
<testng-results skipped="0" failed="0" total="1" passed="1">
  <reporter-output>
  </reporter-output>
  <suite name="Default suite" duration-ms="2686" started-at="2020-08-14T18:36:32Z" finished-at="2020-08-14T18:36:35Z">
    <groups>
    </groups>
    <test name="Default test" duration-ms="2686" started-at="2020-08-14T18:36:32Z" finished-at="2020-08-14T18:36:35Z">
      <class name="ExternalJsonFileDynamicJSON">
        <test-method status="PASS" signature="addBook()[pri:0, instance:ExternalJsonFileDynamicJSON@18be83e4]" name="addBook" duration-ms="2668" started-at="2020-08-15T00:06:32Z" finished-at="2020-08-15T00:06:35Z">
          <reporter-output>
          </reporter-output>
        </test-method> <!-- addBook -->
      </class> <!-- ExternalJsonFileDynamicJSON -->
    </test> <!-- Default test -->
  </suite> <!-- Default suite -->
</testng-results>
