<?xml version="1.0" encoding="UTF-8"?>
<testng-results skipped="0" failed="0" total="1" passed="1">
  <reporter-output>
  </reporter-output>
  <suite name="Default suite" duration-ms="2804" started-at="2020-09-06T12:56:42Z" finished-at="2020-09-06T12:56:44Z">
    <groups>
    </groups>
    <test name="Default test" duration-ms="2804" started-at="2020-09-06T12:56:42Z" finished-at="2020-09-06T12:56:44Z">
      <class name="ExternalJsonFileDynamicJSON">
        <test-method status="PASS" signature="addBook()[pri:0, instance:ExternalJsonFileDynamicJSON@18be83e4]" name="addBook" duration-ms="2789" started-at="2020-09-06T18:26:42Z" finished-at="2020-09-06T18:26:44Z">
          <reporter-output>
          </reporter-output>
        </test-method> <!-- addBook -->
      </class> <!-- ExternalJsonFileDynamicJSON -->
    </test> <!-- Default test -->
  </suite> <!-- Default suite -->
</testng-results>
