<?xml version="1.0" encoding="UTF-8"?>
<testng-results skipped="0" failed="0" total="1" passed="1">
  <reporter-output>
  </reporter-output>
  <suite name="Default suite" duration-ms="3339" started-at="2020-09-07T05:40:15Z" finished-at="2020-09-07T05:40:18Z">
    <groups>
    </groups>
    <test name="Default test" duration-ms="3339" started-at="2020-09-07T05:40:15Z" finished-at="2020-09-07T05:40:18Z">
      <class name="oauthTwitterCreateTweet">
        <test-method status="PASS" signature="CreateNewTweet()[pri:0, instance:oauthTwitterCreateTweet@475530b9]" name="CreateNewTweet" duration-ms="3324" started-at="2020-09-07T11:10:15Z" finished-at="2020-09-07T11:10:18Z">
          <reporter-output>
          </reporter-output>
        </test-method> <!-- CreateNewTweet -->
      </class> <!-- oauthTwitterCreateTweet -->
    </test> <!-- Default test -->
  </suite> <!-- Default suite -->
</testng-results>
